2021-02-09 21:39:27,625 INFO org.springframework.boot.StartupInfoLogger [restartedMain] Starting SampleWebJspApplication on LAPTOP-MKEPU76R with PID 12788 (E:\EmployeeRepo\employeerepo\application\target\classes started by Aife Munshi in E:\EmployeeRepo\employeerepo\application)
2021-02-09 21:39:27,632 INFO org.springframework.boot.SpringApplication [restartedMain] The following profiles are active: dev
2021-02-09 21:39:27,746 INFO org.springframework.context.support.AbstractApplicationContext [restartedMain] Refreshing org.springframework.boot.context.embedded.AnnotationConfigEmbeddedWebApplicationContext@3787fa11: startup date [Tue Feb 09 21:39:27 IST 2021]; root of context hierarchy
2021-02-09 21:39:28,307 INFO org.hibernate.validator.internal.util.Version [pool-1-thread-1] HV000001: Hibernate Validator 5.2.2.Final
2021-02-09 21:39:36,009 INFO org.springframework.beans.factory.support.DefaultListableBeanFactory [restartedMain] Overriding bean definition for bean 'beanNameViewResolver' with a different definition: replacing [Root bean: class [null]; scope=; abstract=false; lazyInit=false; autowireMode=3; dependencyCheck=0; autowireCandidate=true; primary=false; factoryBeanName=org.springframework.boot.autoconfigure.web.ErrorMvcAutoConfiguration$WhitelabelErrorViewConfiguration; factoryMethodName=beanNameViewResolver; initMethodName=null; destroyMethodName=(inferred); defined in class path resource [org/springframework/boot/autoconfigure/web/ErrorMvcAutoConfiguration$WhitelabelErrorViewConfiguration.class]] with [Root bean: class [null]; scope=; abstract=false; lazyInit=false; autowireMode=3; dependencyCheck=0; autowireCandidate=true; primary=false; factoryBeanName=org.springframework.boot.autoconfigure.web.WebMvcAutoConfiguration$WebMvcAutoConfigurationAdapter; factoryMethodName=beanNameViewResolver; initMethodName=null; destroyMethodName=(inferred); defined in class path resource [org/springframework/boot/autoconfigure/web/WebMvcAutoConfiguration$WebMvcAutoConfigurationAdapter.class]]
2021-02-09 21:39:37,890 INFO org.springframework.context.support.PostProcessorRegistrationDelegate$BeanPostProcessorChecker [restartedMain] Bean 'org.springframework.transaction.annotation.ProxyTransactionManagementConfiguration' of type [class org.springframework.transaction.annotation.ProxyTransactionManagementConfiguration$$EnhancerBySpringCGLIB$$d94f81c3] is not eligible for getting processed by all BeanPostProcessors (for example: not eligible for auto-proxying)
2021-02-09 21:39:40,080 INFO org.springframework.boot.context.embedded.tomcat.TomcatEmbeddedServletContainer [restartedMain] Tomcat initialized with port(s): 5000 (http)
2021-02-09 21:39:40,106 INFO org.apache.juli.logging.DirectJDKLog [restartedMain] Starting service Tomcat
2021-02-09 21:39:40,108 INFO org.apache.juli.logging.DirectJDKLog [restartedMain] Starting Servlet Engine: Apache Tomcat/8.0.30
2021-02-09 21:39:40,752 INFO org.apache.juli.logging.DirectJDKLog [localhost-startStop-1] At least one JAR was scanned for TLDs yet contained no TLDs. Enable debug logging for this logger for a complete list of JARs that were scanned but no TLDs were found in them. Skipping unneeded JARs during scanning can improve startup time and JSP compilation time.
2021-02-09 21:39:40,767 INFO org.apache.juli.logging.DirectJDKLog [localhost-startStop-1] Initializing Spring embedded WebApplicationContext
2021-02-09 21:39:40,770 INFO org.springframework.boot.context.embedded.EmbeddedWebApplicationContext [localhost-startStop-1] Root WebApplicationContext: initialization completed in 13025 ms
2021-02-09 21:39:41,668 INFO org.springframework.boot.context.embedded.ServletRegistrationBean [localhost-startStop-1] Mapping servlet: 'dispatcherServlet' to [/]
2021-02-09 21:39:41,671 INFO org.springframework.boot.context.embedded.ServletRegistrationBean [localhost-startStop-1] Mapping servlet: 'webServlet' to [/h2-console/*]
2021-02-09 21:39:41,678 INFO org.springframework.boot.context.embedded.AbstractFilterRegistrationBean [localhost-startStop-1] Mapping filter: 'metricFilter' to: [/*]
2021-02-09 21:39:41,688 INFO org.springframework.boot.context.embedded.AbstractFilterRegistrationBean [localhost-startStop-1] Mapping filter: 'characterEncodingFilter' to: [/*]
2021-02-09 21:39:41,690 INFO org.springframework.boot.context.embedded.AbstractFilterRegistrationBean [localhost-startStop-1] Mapping filter: 'hiddenHttpMethodFilter' to: [/*]
2021-02-09 21:39:41,690 INFO org.springframework.boot.context.embedded.AbstractFilterRegistrationBean [localhost-startStop-1] Mapping filter: 'httpPutFormContentFilter' to: [/*]
2021-02-09 21:39:41,690 INFO org.springframework.boot.context.embedded.AbstractFilterRegistrationBean [localhost-startStop-1] Mapping filter: 'requestContextFilter' to: [/*]
2021-02-09 21:39:41,691 INFO org.springframework.boot.context.embedded.AbstractFilterRegistrationBean [localhost-startStop-1] Mapping filter: 'webRequestLoggingFilter' to: [/*]
2021-02-09 21:39:41,692 INFO org.springframework.boot.context.embedded.AbstractFilterRegistrationBean [localhost-startStop-1] Mapping filter: 'applicationContextIdFilter' to: [/*]
2021-02-09 21:39:42,576 INFO org.springframework.jdbc.datasource.init.ScriptUtils [restartedMain] Executing SQL script from URL [file:/E:/EmployeeRepo/employeerepo/application/target/classes/schema.sql]
2021-02-09 21:39:42,639 INFO org.springframework.jdbc.datasource.init.ScriptUtils [restartedMain] Executed SQL script from URL [file:/E:/EmployeeRepo/employeerepo/application/target/classes/schema.sql] in 63 ms.
2021-02-09 21:39:42,843 INFO org.springframework.orm.jpa.LocalContainerEntityManagerFactoryBean [restartedMain] Building JPA container EntityManagerFactory for persistence unit 'default'
2021-02-09 21:39:42,863 INFO org.hibernate.jpa.internal.util.LogHelper [restartedMain] HHH000204: Processing PersistenceUnitInfo [
	name: default
	...]
2021-02-09 21:39:43,124 INFO org.hibernate.Version [restartedMain] HHH000412: Hibernate Core {4.3.11.Final}
2021-02-09 21:39:43,128 INFO org.hibernate.cfg.Environment [restartedMain] HHH000206: hibernate.properties not found
2021-02-09 21:39:43,133 INFO org.hibernate.cfg.Environment [restartedMain] HHH000021: Bytecode provider name : javassist
2021-02-09 21:39:43,919 INFO org.hibernate.annotations.common.reflection.java.JavaReflectionManager [restartedMain] HCANN000001: Hibernate Commons Annotations {4.0.5.Final}
2021-02-09 21:39:44,091 INFO org.hibernate.dialect.Dialect [restartedMain] HHH000400: Using dialect: org.hibernate.dialect.H2Dialect
2021-02-09 21:39:44,381 INFO org.hibernate.hql.internal.ast.ASTQueryTranslatorFactory [restartedMain] HHH000397: Using ASTQueryTranslatorFactory
2021-02-09 21:39:45,052 INFO org.hibernate.tool.hbm2ddl.SchemaExport [restartedMain] HHH000227: Running hbm2ddl schema export
2021-02-09 21:39:45,061 INFO org.hibernate.tool.hbm2ddl.SchemaExport [restartedMain] HHH000230: Schema export complete
2021-02-09 21:39:46,771 INFO org.springframework.web.servlet.handler.AbstractHandlerMethodMapping$MappingRegistry [restartedMain] Mapped "{[/v1/employee/{employeeid}],methods=[GET]}" onto public org.springframework.http.ResponseEntity<sample.multimodule.json.entity.EmployeeReqResp> sample.multimodule.web.EmployeeController.getEmployeeByEmployeeId(java.lang.String)
2021-02-09 21:39:46,773 INFO org.springframework.web.servlet.handler.AbstractHandlerMethodMapping$MappingRegistry [restartedMain] Mapped "{[/v1/employee],methods=[PUT]}" onto public org.springframework.http.ResponseEntity<java.lang.Void> sample.multimodule.web.EmployeeController.updateEmployee(sample.multimodule.json.entity.EmployeeReqResp)
2021-02-09 21:39:46,775 INFO org.springframework.web.servlet.handler.AbstractHandlerMethodMapping$MappingRegistry [restartedMain] Mapped "{[/v1/employees],methods=[GET]}" onto public org.springframework.http.ResponseEntity<java.util.List<sample.multimodule.json.entity.EmployeeReqResp>> sample.multimodule.web.EmployeeController.getAllEmployees()
2021-02-09 21:39:46,776 INFO org.springframework.web.servlet.handler.AbstractHandlerMethodMapping$MappingRegistry [restartedMain] Mapped "{[/v1/employee],methods=[POST]}" onto public org.springframework.http.ResponseEntity<java.lang.Void> sample.multimodule.web.EmployeeController.addEmployee(sample.multimodule.json.entity.EmployeeReqResp)
2021-02-09 21:39:46,777 INFO org.springframework.web.servlet.handler.AbstractHandlerMethodMapping$MappingRegistry [restartedMain] Mapped "{[/v1/employee/{employeeid}],methods=[DELETE]}" onto public org.springframework.http.ResponseEntity<java.lang.Void> sample.multimodule.web.EmployeeController.deleteEmployee(java.lang.String)
2021-02-09 21:39:46,778 INFO org.springframework.web.servlet.handler.AbstractHandlerMethodMapping$MappingRegistry [restartedMain] Mapped "{[/v2/api-docs],methods=[GET],produces=[application/json || application/hal+json]}" onto public org.springframework.http.ResponseEntity<springfox.documentation.spring.web.json.Json> springfox.documentation.swagger2.web.Swagger2Controller.getDocumentation(java.lang.String,javax.servlet.http.HttpServletRequest)
2021-02-09 21:39:46,783 INFO org.springframework.web.servlet.handler.AbstractHandlerMethodMapping$MappingRegistry [restartedMain] Mapped "{[/swagger-resources/configuration/security]}" onto org.springframework.http.ResponseEntity<springfox.documentation.swagger.web.SecurityConfiguration> springfox.documentation.swagger.web.ApiResourceController.securityConfiguration()
2021-02-09 21:39:46,785 INFO org.springframework.web.servlet.handler.AbstractHandlerMethodMapping$MappingRegistry [restartedMain] Mapped "{[/swagger-resources]}" onto org.springframework.http.ResponseEntity<java.util.List<springfox.documentation.swagger.web.SwaggerResource>> springfox.documentation.swagger.web.ApiResourceController.swaggerResources()
2021-02-09 21:39:46,787 INFO org.springframework.web.servlet.handler.AbstractHandlerMethodMapping$MappingRegistry [restartedMain] Mapped "{[/swagger-resources/configuration/ui]}" onto org.springframework.http.ResponseEntity<springfox.documentation.swagger.web.UiConfiguration> springfox.documentation.swagger.web.ApiResourceController.uiConfiguration()
2021-02-09 21:39:46,791 INFO org.springframework.web.servlet.handler.AbstractHandlerMethodMapping$MappingRegistry [restartedMain] Mapped "{[/error]}" onto public org.springframework.http.ResponseEntity<java.util.Map<java.lang.String, java.lang.Object>> org.springframework.boot.autoconfigure.web.BasicErrorController.error(javax.servlet.http.HttpServletRequest)
2021-02-09 21:39:46,792 INFO org.springframework.web.servlet.handler.AbstractHandlerMethodMapping$MappingRegistry [restartedMain] Mapped "{[/error],produces=[text/html]}" onto public org.springframework.web.servlet.ModelAndView org.springframework.boot.autoconfigure.web.BasicErrorController.errorHtml(javax.servlet.http.HttpServletRequest,javax.servlet.http.HttpServletResponse)
2021-02-09 21:39:47,445 INFO org.springframework.web.servlet.handler.AbstractHandlerMethodMapping$MappingRegistry [restartedMain] Mapped "{[/info || /info.json],methods=[GET],produces=[application/json]}" onto public java.lang.Object org.springframework.boot.actuate.endpoint.mvc.EndpointMvcAdapter.invoke()
2021-02-09 21:39:47,447 INFO org.springframework.web.servlet.handler.AbstractHandlerMethodMapping$MappingRegistry [restartedMain] Mapped "{[/health || /health.json],produces=[application/json]}" onto public java.lang.Object org.springframework.boot.actuate.endpoint.mvc.HealthMvcEndpoint.invoke(java.security.Principal)
2021-02-09 21:39:47,448 INFO org.springframework.web.servlet.handler.AbstractHandlerMethodMapping$MappingRegistry [restartedMain] Mapped "{[/logfile || /logfile.json],methods=[GET || HEAD]}" onto public void org.springframework.boot.actuate.endpoint.mvc.LogFileMvcEndpoint.invoke(javax.servlet.http.HttpServletRequest,javax.servlet.http.HttpServletResponse) throws javax.servlet.ServletException,java.io.IOException
2021-02-09 21:39:47,449 INFO org.springframework.web.servlet.handler.AbstractHandlerMethodMapping$MappingRegistry [restartedMain] Mapped "{[/dump || /dump.json],methods=[GET],produces=[application/json]}" onto public java.lang.Object org.springframework.boot.actuate.endpoint.mvc.EndpointMvcAdapter.invoke()
2021-02-09 21:39:47,450 INFO org.springframework.web.servlet.handler.AbstractHandlerMethodMapping$MappingRegistry [restartedMain] Mapped "{[/mappings || /mappings.json],methods=[GET],produces=[application/json]}" onto public java.lang.Object org.springframework.boot.actuate.endpoint.mvc.EndpointMvcAdapter.invoke()
2021-02-09 21:39:47,451 INFO org.springframework.web.servlet.handler.AbstractHandlerMethodMapping$MappingRegistry [restartedMain] Mapped "{[/autoconfig || /autoconfig.json],methods=[GET],produces=[application/json]}" onto public java.lang.Object org.springframework.boot.actuate.endpoint.mvc.EndpointMvcAdapter.invoke()
2021-02-09 21:39:47,453 INFO org.springframework.web.servlet.handler.AbstractHandlerMethodMapping$MappingRegistry [restartedMain] Mapped "{[/metrics/{name:.*}],methods=[GET],produces=[application/json]}" onto public java.lang.Object org.springframework.boot.actuate.endpoint.mvc.MetricsMvcEndpoint.value(java.lang.String)
2021-02-09 21:39:47,454 INFO org.springframework.web.servlet.handler.AbstractHandlerMethodMapping$MappingRegistry [restartedMain] Mapped "{[/metrics || /metrics.json],methods=[GET],produces=[application/json]}" onto public java.lang.Object org.springframework.boot.actuate.endpoint.mvc.EndpointMvcAdapter.invoke()
2021-02-09 21:39:47,455 INFO org.springframework.web.servlet.handler.AbstractHandlerMethodMapping$MappingRegistry [restartedMain] Mapped "{[/trace || /trace.json],methods=[GET],produces=[application/json]}" onto public java.lang.Object org.springframework.boot.actuate.endpoint.mvc.EndpointMvcAdapter.invoke()
2021-02-09 21:39:47,456 INFO org.springframework.web.servlet.handler.AbstractHandlerMethodMapping$MappingRegistry [restartedMain] Mapped "{[/env/{name:.*}],methods=[GET],produces=[application/json]}" onto public java.lang.Object org.springframework.boot.actuate.endpoint.mvc.EnvironmentMvcEndpoint.value(java.lang.String)
2021-02-09 21:39:47,457 INFO org.springframework.web.servlet.handler.AbstractHandlerMethodMapping$MappingRegistry [restartedMain] Mapped "{[/env || /env.json],methods=[GET],produces=[application/json]}" onto public java.lang.Object org.springframework.boot.actuate.endpoint.mvc.EndpointMvcAdapter.invoke()
2021-02-09 21:39:47,458 INFO org.springframework.web.servlet.handler.AbstractHandlerMethodMapping$MappingRegistry [restartedMain] Mapped "{[/configprops || /configprops.json],methods=[GET],produces=[application/json]}" onto public java.lang.Object org.springframework.boot.actuate.endpoint.mvc.EndpointMvcAdapter.invoke()
2021-02-09 21:39:47,459 INFO org.springframework.web.servlet.handler.AbstractHandlerMethodMapping$MappingRegistry [restartedMain] Mapped "{[/beans || /beans.json],methods=[GET],produces=[application/json]}" onto public java.lang.Object org.springframework.boot.actuate.endpoint.mvc.EndpointMvcAdapter.invoke()
2021-02-09 21:39:48,038 INFO org.springframework.web.servlet.mvc.method.annotation.RequestMappingHandlerAdapter [restartedMain] Looking for @ControllerAdvice: org.springframework.boot.context.embedded.AnnotationConfigEmbeddedWebApplicationContext@3787fa11: startup date [Tue Feb 09 21:39:27 IST 2021]; root of context hierarchy
2021-02-09 21:39:48,186 INFO org.springframework.web.servlet.handler.AbstractUrlHandlerMapping [restartedMain] Mapped URL path [/webjars/**] onto handler of type [class org.springframework.web.servlet.resource.ResourceHttpRequestHandler]
2021-02-09 21:39:48,188 INFO org.springframework.web.servlet.handler.AbstractUrlHandlerMapping [restartedMain] Mapped URL path [/**] onto handler of type [class org.springframework.web.servlet.resource.ResourceHttpRequestHandler]
2021-02-09 21:39:48,262 INFO org.springframework.web.servlet.mvc.method.annotation.ExceptionHandlerExceptionResolver [restartedMain] Detected @ExceptionHandler methods in customGlobalExceptionHandler
2021-02-09 21:39:48,340 INFO org.springframework.web.servlet.handler.AbstractUrlHandlerMapping [restartedMain] Mapped URL path [/**/favicon.ico] onto handler of type [class org.springframework.web.servlet.resource.ResourceHttpRequestHandler]
2021-02-09 21:39:49,013 INFO org.springframework.boot.devtools.autoconfigure.OptionalLiveReloadServer [restartedMain] LiveReload server is running on port 35729
2021-02-09 21:39:49,077 INFO org.springframework.jmx.export.MBeanExporter [restartedMain] Registering beans for JMX exposure on startup
2021-02-09 21:39:49,096 INFO org.springframework.jmx.export.MBeanExporter [restartedMain] Registering beans for JMX exposure on startup
2021-02-09 21:39:49,105 INFO org.springframework.context.support.DefaultLifecycleProcessor$LifecycleGroup [restartedMain] Starting beans in phase 0
2021-02-09 21:39:49,108 INFO org.springframework.jmx.export.MBeanExporter [restartedMain] Located managed bean 'requestMappingEndpoint': registering with JMX server as MBean [org.springframework.boot:type=Endpoint,name=requestMappingEndpoint]
2021-02-09 21:39:49,151 INFO org.springframework.jmx.export.MBeanExporter [restartedMain] Located managed bean 'environmentEndpoint': registering with JMX server as MBean [org.springframework.boot:type=Endpoint,name=environmentEndpoint]
2021-02-09 21:39:49,158 INFO org.springframework.jmx.export.MBeanExporter [restartedMain] Located managed bean 'healthEndpoint': registering with JMX server as MBean [org.springframework.boot:type=Endpoint,name=healthEndpoint]
2021-02-09 21:39:49,166 INFO org.springframework.jmx.export.MBeanExporter [restartedMain] Located managed bean 'beansEndpoint': registering with JMX server as MBean [org.springframework.boot:type=Endpoint,name=beansEndpoint]
2021-02-09 21:39:49,176 INFO org.springframework.jmx.export.MBeanExporter [restartedMain] Located managed bean 'infoEndpoint': registering with JMX server as MBean [org.springframework.boot:type=Endpoint,name=infoEndpoint]
2021-02-09 21:39:49,182 INFO org.springframework.jmx.export.MBeanExporter [restartedMain] Located managed bean 'metricsEndpoint': registering with JMX server as MBean [org.springframework.boot:type=Endpoint,name=metricsEndpoint]
2021-02-09 21:39:49,198 INFO org.springframework.jmx.export.MBeanExporter [restartedMain] Located managed bean 'traceEndpoint': registering with JMX server as MBean [org.springframework.boot:type=Endpoint,name=traceEndpoint]
2021-02-09 21:39:49,203 INFO org.springframework.jmx.export.MBeanExporter [restartedMain] Located managed bean 'dumpEndpoint': registering with JMX server as MBean [org.springframework.boot:type=Endpoint,name=dumpEndpoint]
2021-02-09 21:39:49,211 INFO org.springframework.jmx.export.MBeanExporter [restartedMain] Located managed bean 'autoConfigurationReportEndpoint': registering with JMX server as MBean [org.springframework.boot:type=Endpoint,name=autoConfigurationReportEndpoint]
2021-02-09 21:39:49,214 INFO org.springframework.jmx.export.MBeanExporter [restartedMain] Located managed bean 'configurationPropertiesReportEndpoint': registering with JMX server as MBean [org.springframework.boot:type=Endpoint,name=configurationPropertiesReportEndpoint]
2021-02-09 21:39:49,217 INFO org.springframework.context.support.DefaultLifecycleProcessor$LifecycleGroup [restartedMain] Starting beans in phase 2147483647
2021-02-09 21:39:49,217 INFO springfox.documentation.spring.web.plugins.DocumentationPluginsBootstrapper [restartedMain] Context refreshed
2021-02-09 21:39:49,272 INFO springfox.documentation.spring.web.plugins.DocumentationPluginsBootstrapper [restartedMain] Found 1 custom documentation plugin(s)
2021-02-09 21:39:49,335 INFO springfox.documentation.spring.web.scanners.ApiListingReferenceScanner [restartedMain] Scanning for api listing references
2021-02-09 21:39:50,215 INFO org.apache.juli.logging.DirectJDKLog [restartedMain] Initializing ProtocolHandler ["http-nio-5000"]
2021-02-09 21:39:50,229 INFO org.apache.juli.logging.DirectJDKLog [restartedMain] Starting ProtocolHandler ["http-nio-5000"]
2021-02-09 21:39:50,267 INFO org.apache.juli.logging.DirectJDKLog [restartedMain] Using a shared selector for servlet write/read
2021-02-09 21:39:50,361 INFO org.springframework.boot.context.embedded.tomcat.TomcatEmbeddedServletContainer [restartedMain] Tomcat started on port(s): 5000 (http)
2021-02-09 21:39:50,379 INFO org.springframework.boot.StartupInfoLogger [restartedMain] Started SampleWebJspApplication in 23.545 seconds (JVM running for 27.876)
